<?xml version="1.0" encoding="UTF-8"?>
<!-- Generated by org.testng.reporters.JUnitReportReporter -->
<testsuite skipped="0" hostname="IRL31-L-37PCNF2" name="MavenForJenkins.MVNForJenkins.AppiumTest" tests="2" failures="0" timestamp="2021-05-29T21:06:28 BST" time="0.003" errors="0">
  <testcase name="IOSApps" time="0.003" classname="MavenForJenkins.MVNForJenkins.AppiumTest"/>
  <system-out/>
  <testcase name="NativeAPpAndroid" time="0.000" classname="MavenForJenkins.MVNForJenkins.AppiumTest"/>
  <system-out/>
</testsuite> <!-- MavenForJenkins.MVNForJenkins.AppiumTest -->
